{"/Users/hitesh/personal/serverlessExample/src/app.controller.ts": {"path":"/Users/hitesh/personal/serverlessExample/src/app.controller.ts","statementMap":{"0":{"start":{"line":1,"column":0},"end":{"line":1,"column":49}},"1":{"start":{"line":2,"column":0},"end":{"line":2,"column":43}},"2":{"start":{"line":5,"column":0},"end":{"line":12,"column":null}},"3":{"start":{"line":6,"column":31},"end":{"line":6,"column":43}},"4":{"start":{"line":10,"column":4},"end":{"line":10,"column":38}},"5":{"start":{"line":9,"column":2},"end":{"line":11,"column":null}},"6":{"start":{"line":5,"column":13},"end":{"line":12,"column":null}},"7":{"start":{"line":5,"column":13},"end":{"line":5,"column":26}}},"fnMap":{"0":{"name":"(anonymous_2)","decl":{"start":{"line":6,"column":2},"end":{"line":6,"column":31}},"loc":{"start":{"line":6,"column":53},"end":{"line":6,"column":57}}},"1":{"name":"(anonymous_3)","decl":{"start":{"line":9,"column":2},"end":{"line":9,"column":10}},"loc":{"start":{"line":9,"column":10},"end":{"line":11,"column":3}}}},"branchMap":{},"s":{"0":2,"1":2,"2":2,"3":2,"4":1,"5":2,"6":2,"7":2},"f":{"0":2,"1":1},"b":{}}
,"/Users/hitesh/personal/serverlessExample/src/app.service.ts": {"path":"/Users/hitesh/personal/serverlessExample/src/app.service.ts","statementMap":{"0":{"start":{"line":1,"column":0},"end":{"line":1,"column":44}},"1":{"start":{"line":4,"column":0},"end":{"line":8,"column":null}},"2":{"start":{"line":6,"column":4},"end":{"line":6,"column":26}},"3":{"start":{"line":4,"column":13},"end":{"line":8,"column":null}},"4":{"start":{"line":4,"column":13},"end":{"line":4,"column":23}}},"fnMap":{"0":{"name":"(anonymous_1)","decl":{"start":{"line":5,"column":2},"end":{"line":5,"column":10}},"loc":{"start":{"line":5,"column":10},"end":{"line":7,"column":3}}}},"branchMap":{},"s":{"0":2,"1":2,"2":1,"3":2,"4":2},"f":{"0":1},"b":{}}
,"/Users/hitesh/personal/serverlessExample/src/app.ts": {"path":"/Users/hitesh/personal/serverlessExample/src/app.ts","statementMap":{"0":{"start":{"line":1,"column":0},"end":{"line":1,"column":null}},"1":{"start":{"line":8,"column":0},"end":{"line":8,"column":58}},"2":{"start":{"line":9,"column":0},"end":{"line":9,"column":30}},"3":{"start":{"line":10,"column":0},"end":{"line":10,"column":43}},"4":{"start":{"line":11,"column":0},"end":{"line":11,"column":41}},"5":{"start":{"line":12,"column":0},"end":{"line":12,"column":37}},"6":{"start":{"line":13,"column":0},"end":{"line":13,"column":38}},"7":{"start":{"line":14,"column":0},"end":{"line":14,"column":35}},"8":{"start":{"line":15,"column":0},"end":{"line":15,"column":28}},"9":{"start":{"line":17,"column":24},"end":{"line":17,"column":25}},"10":{"start":{"line":33,"column":24},"end":{"line":33,"column":33}},"11":{"start":{"line":34,"column":22},"end":{"line":34,"column":55}},"12":{"start":{"line":36,"column":42},"end":{"line":36,"column":59}},"13":{"start":{"line":37,"column":32},"end":{"line":40,"column":null}},"14":{"start":{"line":43,"column":24},"end":{"line":43,"column":30}},"15":{"start":{"line":45,"column":2},"end":{"line":45,"column":27}},"16":{"start":{"line":46,"column":2},"end":{"line":46,"column":42}},"17":{"start":{"line":47,"column":2},"end":{"line":47,"column":64}},"18":{"start":{"line":48,"column":2},"end":{"line":48,"column":19}},"19":{"start":{"line":49,"column":2},"end":{"line":49,"column":20}},"20":{"start":{"line":67,"column":2},"end":{"line":67,"column":13}},"21":{"start":{"line":32,"column":0},"end":{"line":32,"column":15}}},"fnMap":{"0":{"name":"createApp","decl":{"start":{"line":32,"column":30},"end":{"line":32,"column":39}},"loc":{"start":{"line":32,"column":39},"end":{"line":68,"column":1}}}},"branchMap":{},"s":{"0":1,"1":1,"2":1,"3":1,"4":1,"5":1,"6":1,"7":1,"8":1,"9":1,"10":1,"11":1,"12":1,"13":1,"14":1,"15":1,"16":1,"17":1,"18":1,"19":1,"20":1,"21":1},"f":{"0":1},"b":{}}
,"/Users/hitesh/personal/serverlessExample/src/main-lambda.ts": {"path":"/Users/hitesh/personal/serverlessExample/src/main-lambda.ts","statementMap":{"0":{"start":{"line":3,"column":0},"end":{"line":3,"column":61}},"1":{"start":{"line":4,"column":0},"end":{"line":4,"column":65}},"2":{"start":{"line":6,"column":0},"end":{"line":6,"column":30}},"3":{"start":{"line":12,"column":34},"end":{"line":12,"column":36}},"4":{"start":{"line":17,"column":2},"end":{"line":28,"column":null}},"5":{"start":{"line":18,"column":34},"end":{"line":18,"column":51}},"6":{"start":{"line":20,"column":4},"end":{"line":20,"column":28}},"7":{"start":{"line":21,"column":4},"end":{"line":21,"column":21}},"8":{"start":{"line":23,"column":4},"end":{"line":27,"column":6}},"9":{"start":{"line":29,"column":2},"end":{"line":29,"column":22}},"10":{"start":{"line":32,"column":32},"end":{"line":35,"column":1}},"11":{"start":{"line":33,"column":2},"end":{"line":33,"column":41}},"12":{"start":{"line":34,"column":2},"end":{"line":34,"column":64}},"13":{"start":{"line":32,"column":13},"end":{"line":32,"column":32}}},"fnMap":{"0":{"name":"bootstrapServer","decl":{"start":{"line":16,"column":15},"end":{"line":16,"column":30}},"loc":{"start":{"line":16,"column":30},"end":{"line":30,"column":1}}},"1":{"name":"(anonymous_2)","decl":{"start":{"line":32,"column":32},"end":{"line":32,"column":37}},"loc":{"start":{"line":32,"column":71},"end":{"line":35,"column":1}}}},"branchMap":{"0":{"loc":{"start":{"line":17,"column":2},"end":{"line":28,"column":null}},"type":"if","locations":[{"start":{"line":17,"column":2},"end":{"line":28,"column":null}},{"start":{"line":17,"column":2},"end":{"line":28,"column":null}}]}},"s":{"0":1,"1":1,"2":1,"3":1,"4":2,"5":1,"6":1,"7":1,"8":1,"9":2,"10":1,"11":2,"12":2,"13":1},"f":{"0":2,"1":2},"b":{"0":[1,1]}}
,"/Users/hitesh/personal/serverlessExample/src/main.docs.ts": {"path":"/Users/hitesh/personal/serverlessExample/src/main.docs.ts","statementMap":{"0":{"start":{"line":4,"column":0},"end":{"line":4,"column":61}},"1":{"start":{"line":5,"column":0},"end":{"line":5,"column":30}},"2":{"start":{"line":9,"column":23},"end":{"line":9,"column":63}},"3":{"start":{"line":10,"column":32},"end":{"line":10,"column":49}},"4":{"start":{"line":11,"column":18},"end":{"line":21,"column":12}},"5":{"start":{"line":23,"column":19},"end":{"line":23,"column":61}},"6":{"start":{"line":25,"column":2},"end":{"line":25,"column":44}},"7":{"start":{"line":26,"column":2},"end":{"line":26,"column":19}},"8":{"start":{"line":27,"column":2},"end":{"line":27,"column":33}},"9":{"start":{"line":28,"column":2},"end":{"line":30,"column":4}}},"fnMap":{"0":{"name":"bootstrap","decl":{"start":{"line":8,"column":15},"end":{"line":8,"column":24}},"loc":{"start":{"line":8,"column":24},"end":{"line":31,"column":1}}}},"branchMap":{"0":{"loc":{"start":{"line":9,"column":32},"end":{"line":9,"column":48}},"type":"binary-expr","locations":[{"start":{"line":9,"column":32},"end":{"line":9,"column":48}},{"start":{"line":9,"column":52},"end":{"line":9,"column":58}}]}},"s":{"0":0,"1":0,"2":0,"3":0,"4":0,"5":0,"6":0,"7":0,"8":0,"9":0},"f":{"0":0},"b":{"0":[0,0]}}
,"/Users/hitesh/personal/serverlessExample/src/main.ts": {"path":"/Users/hitesh/personal/serverlessExample/src/main.ts","statementMap":{"0":{"start":{"line":2,"column":0},"end":{"line":2,"column":30}},"1":{"start":{"line":5,"column":23},"end":{"line":5,"column":63}},"2":{"start":{"line":6,"column":32},"end":{"line":6,"column":49}},"3":{"start":{"line":7,"column":2},"end":{"line":7,"column":19}},"4":{"start":{"line":8,"column":2},"end":{"line":8,"column":33}},"5":{"start":{"line":15,"column":9},"end":{"line":15,"column":18}}},"fnMap":{"0":{"name":"bootstrap","decl":{"start":{"line":4,"column":15},"end":{"line":4,"column":24}},"loc":{"start":{"line":4,"column":24},"end":{"line":9,"column":1}}}},"branchMap":{"0":{"loc":{"start":{"line":5,"column":32},"end":{"line":5,"column":48}},"type":"binary-expr","locations":[{"start":{"line":5,"column":32},"end":{"line":5,"column":48}},{"start":{"line":5,"column":52},"end":{"line":5,"column":58}}]}},"s":{"0":1,"1":2,"2":2,"3":2,"4":2,"5":1},"f":{"0":2},"b":{"0":[2,2]}}
}
