TN:
SF:src/app.controller.ts
FN:6,(anonymous_2)
FN:9,(anonymous_3)
FNF:2
FNH:2
FNDA:2,(anonymous_2)
FNDA:1,(anonymous_3)
DA:1,2
DA:2,2
DA:5,2
DA:6,2
DA:9,2
DA:10,1
LF:6
LH:6
BRF:0
BRH:0
end_of_record
TN:
SF:src/app.service.ts
FN:5,(anonymous_1)
FNF:1
FNH:1
FNDA:1,(anonymous_1)
DA:1,2
DA:4,2
DA:6,1
LF:3
LH:3
BRF:0
BRH:0
end_of_record
TN:
SF:src/app.ts
FN:32,createApp
FNF:1
FNH:1
FNDA:1,createApp
DA:1,1
DA:8,1
DA:9,1
DA:10,1
DA:11,1
DA:12,1
DA:13,1
DA:14,1
DA:15,1
DA:17,1
DA:32,1
DA:33,1
DA:34,1
DA:36,1
DA:37,1
DA:43,1
DA:45,1
DA:46,1
DA:47,1
DA:48,1
DA:49,1
DA:67,1
LF:22
LH:22
BRF:0
BRH:0
end_of_record
TN:
SF:src/main-lambda.ts
FN:16,bootstrapServer
FN:32,(anonymous_2)
FNF:2
FNH:2
FNDA:2,bootstrapServer
FNDA:2,(anonymous_2)
DA:3,1
DA:4,1
DA:6,1
DA:12,1
DA:17,2
DA:18,1
DA:20,1
DA:21,1
DA:23,1
DA:29,2
DA:32,1
DA:33,2
DA:34,2
LF:13
LH:13
BRDA:17,0,0,1
BRDA:17,0,1,1
BRF:2
BRH:2
end_of_record
TN:
SF:src/main.ts
FN:4,bootstrap
FNF:1
FNH:1
FNDA:2,bootstrap
DA:2,1
DA:5,2
DA:6,2
DA:7,2
DA:8,2
DA:15,1
LF:6
LH:6
BRDA:5,0,0,2
BRDA:5,0,1,2
BRF:2
BRH:2
end_of_record
